<?xml version="1.0" encoding="UTF-8"?>
<!-- Generated by org.testng.reporters.JUnitXMLReporter -->
<testsuite ignored="0" hostname="ALIPL5413" failures="0" tests="3" name="Test" time="12.749" errors="0" timestamp="2023-04-21T13:27:30 IST">
  <testcase classname="tests.KeyBoard_test" name="Press_and_hold_key" time="3.056"/>
  <testcase classname="tests.KeyBoard_test" name="Select_All" time="0.291"/>
  <testcase classname="tests.KeyBoard_test" name="press_ENTER_key" time="0.037"/>
</testsuite> <!-- Test -->
