<?xml version="1.0" encoding="UTF-8"?>
<!-- Generated by org.testng.reporters.JUnitXMLReporter -->
<testsuite ignored="0" hostname="ALIPL5413" failures="0" tests="3" name="Chrome_Test" time="0.071" errors="0" timestamp="2024-02-04T17:30:08 IST">
  <testcase classname="TestNG_dataProvider.Parameter" name="Test2" time="0.017"/>
  <testcase classname="TestNG_dataProvider.Parameter" name="Test3" time="0.002"/>
  <testcase classname="TestNG_dataProvider.Parameter" name="Test1" time="0.003"/>
</testsuite> <!-- Chrome_Test -->
