<?xml version="1.0" encoding="UTF-8"?>
<!-- Generated by org.testng.reporters.JUnitXMLReporter -->
<testsuite ignored="0" hostname="ALIPL5413" failures="1" tests="1" name="Parameter" time="0.036" errors="0" timestamp="2024-02-03T19:59:27 IST">
  <testcase classname="TestNG_dataProvider.Parameter" name="Sum" time="0.0">
    <failure type="org.testng.TestNGException" message="
Conversion issue on parameter: val1">
      <![CDATA[org.testng.TestNGException: 
Conversion issue on parameter: val1
at java.base/java.util.ArrayList.forEach(ArrayList.java:1511)
Caused by: java.lang.NumberFormatException: For input string: "chrome"
at java.base/java.lang.NumberFormatException.forInputString(NumberFormatException.java:67)
at java.base/java.lang.Integer.parseInt(Integer.java:668)
at java.base/java.lang.Integer.valueOf(Integer.java:999)
... 27 more
... Removed 28 stack frames]]>
    </failure>
  </testcase> <!-- Sum -->
</testsuite> <!-- Parameter -->
