<?xml version="1.0" encoding="UTF-8"?>
<!-- Generated by org.testng.reporters.JUnitXMLReporter -->
<testsuite ignored="0" hostname="ALIPL5413" failures="0" tests="3" name="Sum" time="0.052" errors="0" timestamp="2024-02-03T21:17:57 IST">
  <testcase classname="TestNG_dataProvider.Parameter" name="Test2" time="0.01"/>
  <testcase classname="TestNG_dataProvider.Parameter" name="testMethod" time="0.001"/>
  <testcase classname="TestNG_dataProvider.Parameter" name="Test1" time="0.001"/>
</testsuite> <!-- Sum -->
