<?xml version="1.0" encoding="UTF-8"?>
<!-- Generated by org.testng.reporters.JUnitXMLReporter -->
<testsuite ignored="0" hostname="ALIPL5413" failures="0" tests="1" name="Test" time="0.066" errors="0" timestamp="2024-01-31T20:46:07 IST">
  <testcase classname="tests.Parameterization" name="@BeforeTest launch" time="0.015">
    <failure type="java.lang.IllegalArgumentException" message="Invalid browser type provided: edge">
      <![CDATA[java.lang.IllegalArgumentException: Invalid browser type provided: edge
at tests.Parameterization.launch(Parameterization.java:23)
at java.base/java.util.concurrent.FutureTask.run(FutureTask.java:264)
at java.base/java.util.concurrent.ThreadPoolExecutor.runWorker(ThreadPoolExecutor.java:1136)
at java.base/java.util.concurrent.ThreadPoolExecutor$Worker.run(ThreadPoolExecutor.java:635)
at java.base/java.lang.Thread.run(Thread.java:833)
... Removed 14 stack frames]]>
    </failure>
  </testcase> <!-- @BeforeTest launch -->
  <testcase classname="tests.Parameterization" name="web" time="0.0">
    <skipped/>
  </testcase> <!-- web -->
</testsuite> <!-- Test -->
