<?xml version="1.0" encoding="UTF-8"?>
<!-- Generated by org.testng.reporters.JUnitXMLReporter -->
<testsuite ignored="0" hostname="ALIPL5413" failures="0" tests="5" name="Test" time="0.128" errors="0" timestamp="2023-03-29T17:26:13 IST">
  <testcase classname="tests.testNG_tags" name="Atest" time="0.01"/>
  <testcase classname="tests.testNG_tags" name="Ctest" time="0.001"/>
  <testcase classname="tests.testNG_tags" name="Dtest" time="0.001"/>
  <testcase classname="tests.testNG_tags" name="Etest" time="0.001"/>
  <testcase classname="tests.testNG_tags" name="Btest" time="0.001"/>
</testsuite> <!-- Test -->
